PTGSBCC908F|Telah login.|1586733417
PTGSBCC908F|Telah login.|1586733435
PTGSBCC908F|Telah login.|1586733457
PTGSBCC908F|Telah login.|1586733501
PTGSBCC908F|Telah login.|1586734088
PTGSBCC908F|Telah menghapus data laporan 'LPRID4BBEADA'.|1586736366
PTGSBCC908F|Telah login.|1586736540
PTGSBCC908F|Telah menghapus data laporan 'LPRID5AC48EF'.|1586738582
PTGSBCC908F|Telah menghapus data laporan 'LPRIDCB81032'.|1586738639
PTGSBCC908F|Telah menghapus ';aslkdfj' sebagai petugas.|1586739853
PTGSBCC908F|Telah login.|1586740568
PTGSBCC908F|Telah login.|1586740576
PTGSBCC908F|Telah login.|1586740640
PTGSBCC908F|Telah login.|1586740643
PTGSBCC908F|Telah login.|1586740688
PTGSBCC908F|Telah login.|1586740691
PTGSBCC908F|Telah login.|1586740825
PTGSBCC908F|Telah login.|1586740843
PTGSBCC908F|Telah login.|1586741005
PTGSBCC908F|Telah login.|1586741104
PTGSBCC908F|Telah login.|1586741165
PTGSBCC908F|Telah login.|1586741271
PTGSBCC908F|Telah login.|1586741341
PTGSBCC908F|Telah login.|1586741379
PTGSBCC908F|Telah login.|1586741387
PTGSBCC908F|Telah login.|1586741438
PTGSBCC908F|Telah login.|1586741476
PTGSBCC908F|Telah login.|1586741495
PTGSBCC908F|Telah login.|1586741499
PTGSBCC908F|Telah login.|1586741504
PTGSBCC908F|Telah login.|1586741509
PTGSBCC908F|Telah login.|1586741521
PTGSBCC908F|Telah login.|1586741527
PTGSBCC908F|Telah login.|1586741532
PTGSBCC908F|Telah login.|1586741535
PTGSBCC908F|Telah login.|1586741552
PTGSBCC908F|Telah login.|1586741603
PTGSBCC908F|Telah login.|1586741615
PTGSBCC908F|Telah login.|1586741634
PTGSBCC908F|Telah login.|1586741704
PTGSBCC908F|Telah login.|1586741853
PTGSBCC908F|Telah login.|1586741918
PTGSBCC908F|Telah login.|1586741926
PTGSBCC908F|Telah login.|1586741954
PTGSBCC908F|Telah login.|1586741960
PTGSBCC908F|Telah login.|1586742018
PTGSA686F33|Telah login.|1586742198
PTGSBCC908E|Telah login.|1586743530
PTGS54C347E|Telah login.|1586743557
PTGS54C347E|Telah login.|1586743574
PTGS54C347E|Telah login.|1586743583
PTGS54C347E|Telah login.|1586743598
PTGS54C347E|Telah login.|1586743608
PTGS54C347E|Telah login.|1586743628
PTGSBCC908F|Telah login.|1586750160
PTGSBCC908F|Telah login.|1586750301
PTGSBCC908F|Telah login.|1586777998
PTGSBCC908F|Telah login.|1586778003
